0 info it worked if it ends with ok
1 verbose cli [ 'C:\\Program Files (x86)\\nodejs\\\\node.exe',
1 verbose cli   'C:\\Program Files (x86)\\nodejs\\node_modules\\npm\\bin\\npm-cli.js',
1 verbose cli   'install',
1 verbose cli   'leaflet-openweathermap',
1 verbose cli   '--save' ]
2 info using npm@2.5.1
3 info using node@v0.12.0
4 verbose node symlink C:\Program Files (x86)\nodejs\\node.exe
5 warn package.json sudotech-weatherapp@2.1.4 No repository field.
6 warn package.json sudotech-weatherapp@2.1.4 No README data
7 warn package.json string_decoder@0.10.31 string_decoder is also the name of a node core module.
8 silly cache add args [ 'leaflet-openweathermap', null ]
9 verbose cache add spec leaflet-openweathermap
10 silly cache add parsed spec { raw: 'leaflet-openweathermap',
10 silly cache add   scope: null,
10 silly cache add   name: 'leaflet-openweathermap',
10 silly cache add   rawSpec: '',
10 silly cache add   spec: '*',
10 silly cache add   type: 'range' }
11 verbose addNamed leaflet-openweathermap@*
12 silly addNamed semver.valid null
13 silly addNamed semver.validRange *
14 silly addNameRange { name: 'leaflet-openweathermap', range: '*', hasData: false }
15 silly mapToRegistry name leaflet-openweathermap
16 silly mapToRegistry using default registry
17 silly mapToRegistry registry https://registry.npmjs.org/
18 silly mapToRegistry uri https://registry.npmjs.org/leaflet-openweathermap
19 verbose addNameRange registry:https://registry.npmjs.org/leaflet-openweathermap not in flight; fetching
20 verbose request uri https://registry.npmjs.org/leaflet-openweathermap
21 verbose request no auth needed
22 info attempt registry request try #1 at 4:39:02 PM
23 verbose request id 367d317ba038116e
24 http request GET https://registry.npmjs.org/leaflet-openweathermap
25 info retry will retry, error on last attempt: Error: connect ETIMEDOUT
26 info attempt registry request try #2 at 4:39:42 PM
27 http request GET https://registry.npmjs.org/leaflet-openweathermap
28 http 404 https://registry.npmjs.org/leaflet-openweathermap
29 verbose headers { 'content-type': 'application/json',
29 verbose headers   'cache-control': 'max-age=0',
29 verbose headers   'content-length': '2',
29 verbose headers   'accept-ranges': 'bytes',
29 verbose headers   date: 'Fri, 21 Oct 2016 06:39:50 GMT',
29 verbose headers   via: '1.1 varnish',
29 verbose headers   age: '0',
29 verbose headers   connection: 'keep-alive',
29 verbose headers   'x-served-by': 'cache-iad2148-IAD',
29 verbose headers   'x-cache': 'MISS',
29 verbose headers   'x-cache-hits': '0',
29 verbose headers   'x-timer': 'S1477031990.443682,VS0,VE16',
29 verbose headers   vary: 'Accept-Encoding' }
30 silly get cb [ 404,
30 silly get   { 'content-type': 'application/json',
30 silly get     'cache-control': 'max-age=0',
30 silly get     'content-length': '2',
30 silly get     'accept-ranges': 'bytes',
30 silly get     date: 'Fri, 21 Oct 2016 06:39:50 GMT',
30 silly get     via: '1.1 varnish',
30 silly get     age: '0',
30 silly get     connection: 'keep-alive',
30 silly get     'x-served-by': 'cache-iad2148-IAD',
30 silly get     'x-cache': 'MISS',
30 silly get     'x-cache-hits': '0',
30 silly get     'x-timer': 'S1477031990.443682,VS0,VE16',
30 silly get     vary: 'Accept-Encoding' } ]
31 verbose stack Error: Registry returned 404 for GET on https://registry.npmjs.org/leaflet-openweathermap
31 verbose stack     at CachingRegistryClient.<anonymous> (C:\Program Files (x86)\nodejs\node_modules\npm\node_modules\npm-registry-client\lib\request.js:244:14)
31 verbose stack     at Request._callback (C:\Program Files (x86)\nodejs\node_modules\npm\node_modules\npm-registry-client\lib\request.js:178:14)
31 verbose stack     at Request.self.callback (C:\Program Files (x86)\nodejs\node_modules\npm\node_modules\request\request.js:344:22)
31 verbose stack     at Request.emit (events.js:110:17)
31 verbose stack     at Request.<anonymous> (C:\Program Files (x86)\nodejs\node_modules\npm\node_modules\request\request.js:1239:14)
31 verbose stack     at Request.emit (events.js:129:20)
31 verbose stack     at IncomingMessage.<anonymous> (C:\Program Files (x86)\nodejs\node_modules\npm\node_modules\request\request.js:1187:12)
31 verbose stack     at IncomingMessage.emit (events.js:129:20)
31 verbose stack     at _stream_readable.js:908:16
31 verbose stack     at process._tickCallback (node.js:355:11)
32 verbose statusCode 404
33 verbose pkgid leaflet-openweathermap
34 verbose cwd C:\Users\syagi\Desktop\projects\nodejs\sudoweather
35 error Windows_NT 6.1.7601
36 error argv "C:\\Program Files (x86)\\nodejs\\\\node.exe" "C:\\Program Files (x86)\\nodejs\\node_modules\\npm\\bin\\npm-cli.js" "install" "leaflet-openweathermap" "--save"
37 error node v0.12.0
38 error npm  v2.5.1
39 error code E404
40 error 404 Registry returned 404 for GET on https://registry.npmjs.org/leaflet-openweathermap
40 error 404
40 error 404 'leaflet-openweathermap' is not in the npm registry.
40 error 404 You should bug the author to publish it (or use the name yourself!)
40 error 404 It was specified as a dependency of 'sudotech-weatherapp'
40 error 404
40 error 404 Note that you can also install from a
40 error 404 tarball, folder, http url, or git url.
41 verbose exit [ 1, true ]
